# JRE version: OpenJDK Runtime Environment Corretto-18.0.2.9.1 (18.0.2+9) (build 18.0.2+9-FR)
# Java VM: OpenJDK 64-Bit Server VM Corretto-18.0.2.9.1 (18.0.2+9-FR, mixed mode, sharing, tiered, compressed oops, compressed class ptrs, g1 gc, windows-amd64)
GC Precious Log:
 CardTable entry size: 512
 Card Set container configuration: InlinePtr #cards 5 size 8 Array Of Cards #cards 12 size 40 Howl #buckets 4 coarsen threshold 1843 Howl Bitmap #cards 512 size 80 coarsen threshold 460 Card regions per heap region 1 cards per card region 2048
 CPUs: 4 total, 4 available
 Memory: 4012M
 Large Page Support: Disabled
 NUMA Support: Disabled
 Compressed Oops: Enabled (32-bit)
 Heap Region Size: 1M
 Heap Min Capacity: 8M
 Heap Initial Capacity: 64M
 Heap Max Capacity: 1004M
 Pre-touch: Disabled
 Parallel Workers: 4
 Concurrent Workers: 1
 Concurrent Refinement Workers: 4
 Periodic GC: Disabled
Heap:
 garbage-first heap   total 48128K, used 22628K [0x00000000c1400000, 0x0000000100000000)
  region size 1024K, 7 young (7168K), 3 survivors (3072K)
 Metaspace       used 35389K, committed 36032K, reserved 1114112K
  class space    used 4507K, committed 4800K, reserved 1048576K
GC Heap History (20 events):
Event: 2.139 GC heap before
{Heap before GC invocations=0 (full 0):
 garbage-first heap   total 65536K, used 12288K [0x00000000c1400000, 0x0000000100000000)
  region size 1024K, 13 young (13312K), 0 survivors (0K)
 Metaspace       used 2561K, committed 2688K, reserved 1114112K
  class space    used 243K, committed 320K, reserved 1048576K
}
Event: 2.148 GC heap after
{Heap after GC invocations=1 (full 0):
 garbage-first heap   total 65536K, used 4565K [0x00000000c1400000, 0x0000000100000000)
  region size 1024K, 2 young (2048K), 2 survivors (2048K)
 Metaspace       used 2561K, committed 2688K, reserved 1114112K
  class space    used 243K, committed 320K, reserved 1048576K
}
Event: 2.974 GC heap before
{Heap before GC invocations=1 (full 0):
 garbage-first heap   total 65536K, used 16853K [0x00000000c1400000, 0x0000000100000000)
  region size 1024K, 14 young (14336K), 2 survivors (2048K)
 Metaspace       used 5211K, committed 5376K, reserved 1114112K
  class space    used 577K, committed 640K, reserved 1048576K
}
Event: 2.979 GC heap after
{Heap after GC invocations=2 (full 0):
 garbage-first heap   total 65536K, used 5432K [0x00000000c1400000, 0x0000000100000000)
  region size 1024K, 1 young (1024K), 1 survivors (1024K)
 Metaspace       used 5211K, committed 5376K, reserved 1114112K
  class space    used 577K, committed 640K, reserved 1048576K
}
Event: 3.980 GC heap before
{Heap before GC invocations=2 (full 0):
 garbage-first heap   total 65536K, used 26936K [0x00000000c1400000, 0x0000000100000000)
  region size 1024K, 23 young (23552K), 1 survivors (1024K)
 Metaspace       used 10014K, committed 10304K, reserved 1114112K
  class space    used 1172K, committed 1344K, reserved 1048576K
}
Event: 3.985 GC heap after
{Heap after GC invocations=3 (full 0):
 garbage-first heap   total 65536K, used 6717K [0x00000000c1400000, 0x0000000100000000)
  region size 1024K, 2 young (2048K), 2 survivors (2048K)
 Metaspace       used 10014K, committed 10304K, reserved 1114112K
  class space    used 1172K, committed 1344K, reserved 1048576K
}
Event: 5.319 GC heap before
{Heap before GC invocations=3 (full 0):
 garbage-first heap   total 65536K, used 42557K [0x00000000c1400000, 0x0000000100000000)
  region size 1024K, 38 young (38912K), 2 survivors (2048K)
 Metaspace       used 17014K, committed 17280K, reserved 1114112K
  class space    used 2025K, committed 2112K, reserved 1048576K
}
Event: 5.329 GC heap after
{Heap after GC invocations=4 (full 0):
 garbage-first heap   total 65536K, used 9862K [0x00000000c1400000, 0x0000000100000000)
  region size 1024K, 5 young (5120K), 5 survivors (5120K)
 Metaspace       used 17014K, committed 17280K, reserved 1114112K
  class space    used 2025K, committed 2112K, reserved 1048576K
}
Event: 7.165 GC heap before
{Heap before GC invocations=4 (full 0):
 garbage-first heap   total 65536K, used 42630K [0x00000000c1400000, 0x0000000100000000)
  region size 1024K, 37 young (37888K), 5 survivors (5120K)
 Metaspace       used 20259K, committed 20544K, reserved 1114112K
  class space    used 2427K, committed 2560K, reserved 1048576K
}
Event: 7.183 GC heap after
{Heap after GC invocations=5 (full 0):
 garbage-first heap   total 65536K, used 11984K [0x00000000c1400000, 0x0000000100000000)
  region size 1024K, 3 young (3072K), 3 survivors (3072K)
 Metaspace       used 20259K, committed 20544K, reserved 1114112K
  class space    used 2427K, committed 2560K, reserved 1048576K
}
Event: 7.714 GC heap before
{Heap before GC invocations=5 (full 0):
 garbage-first heap   total 65536K, used 19152K [0x00000000c1400000, 0x0000000100000000)
  region size 1024K, 11 young (11264K), 3 survivors (3072K)
 Metaspace       used 21203K, committed 21504K, reserved 1114112K
  class space    used 2526K, committed 2688K, reserved 1048576K
}
Event: 7.722 GC heap after
{Heap after GC invocations=6 (full 0):
 garbage-first heap   total 65536K, used 12547K [0x00000000c1400000, 0x0000000100000000)
  region size 1024K, 3 young (3072K), 3 survivors (3072K)
 Metaspace       used 21203K, committed 21504K, reserved 1114112K
  class space    used 2526K, committed 2688K, reserved 1048576K
}
Event: 9.550 GC heap before
{Heap before GC invocations=7 (full 0):
 garbage-first heap   total 48128K, used 38147K [0x00000000c1400000, 0x0000000100000000)
  region size 1024K, 28 young (28672K), 3 survivors (3072K)
 Metaspace       used 26497K, committed 26944K, reserved 1114112K
  class space    used 3213K, committed 3456K, reserved 1048576K
}
Event: 9.561 GC heap after
{Heap after GC invocations=8 (full 0):
 garbage-first heap   total 48128K, used 14768K [0x00000000c1400000, 0x0000000100000000)
  region size 1024K, 3 young (3072K), 3 survivors (3072K)
 Metaspace       used 26497K, committed 26944K, reserved 1114112K
  class space    used 3213K, committed 3456K, reserved 1048576K
}
Event: 10.533 GC heap before
{Heap before GC invocations=8 (full 0):
 garbage-first heap   total 48128K, used 34224K [0x00000000c1400000, 0x0000000100000000)
  region size 1024K, 22 young (22528K), 3 survivors (3072K)
 Metaspace       used 28919K, committed 29440K, reserved 1114112K
  class space    used 3535K, committed 3776K, reserved 1048576K
}
Event: 10.555 GC heap after
{Heap after GC invocations=9 (full 0):
 garbage-first heap   total 48128K, used 16298K [0x00000000c1400000, 0x0000000100000000)
  region size 1024K, 2 young (2048K), 2 survivors (2048K)
 Metaspace       used 28919K, committed 29440K, reserved 1114112K
  class space    used 3535K, committed 3776K, reserved 1048576K
}
Event: 11.553 GC heap before
{Heap before GC invocations=9 (full 0):
 garbage-first heap   total 48128K, used 35754K [0x00000000c1400000, 0x0000000100000000)
  region size 1024K, 21 young (21504K), 2 survivors (2048K)
 Metaspace       used 32303K, committed 32960K, reserved 1114112K
  class space    used 4059K, committed 4352K, reserved 1048576K
}
Event: 11.563 GC heap after
{Heap after GC invocations=10 (full 0):
 garbage-first heap   total 48128K, used 18116K [0x00000000c1400000, 0x0000000100000000)
  region size 1024K, 2 young (2048K), 2 survivors (2048K)
 Metaspace       used 32303K, committed 32960K, reserved 1114112K
  class space    used 4059K, committed 4352K, reserved 1048576K
}
Event: 12.656 GC heap before
{Heap before GC invocations=10 (full 0):
 garbage-first heap   total 48128K, used 35524K [0x00000000c1400000, 0x0000000100000000)
  region size 1024K, 19 young (19456K), 2 survivors (2048K)
 Metaspace       used 34876K, committed 35456K, reserved 1114112K
  class space    used 4441K, committed 4736K, reserved 1048576K
}
Event: 12.663 GC heap after
{Heap after GC invocations=11 (full 0):
 garbage-first heap   total 48128K, used 19556K [0x00000000c1400000, 0x0000000100000000)
  region size 1024K, 3 young (3072K), 3 survivors (3072K)
 Metaspace       used 34876K, committed 35456K, reserved 1114112K
  class space    used 4441K, committed 4736K, reserved 1048576K
}

