# JRE version: OpenJDK Runtime Environment Corretto-18.0.2.9.1 (18.0.2+9) (build 18.0.2+9-FR)
# Java VM: OpenJDK 64-Bit Server VM Corretto-18.0.2.9.1 (18.0.2+9-FR, mixed mode, sharing, tiered, compressed oops, compressed class ptrs, g1 gc, windows-amd64)
GC Precious Log:
 CardTable entry size: 512
 Card Set container configuration: InlinePtr #cards 5 size 8 Array Of Cards #cards 12 size 40 Howl #buckets 4 coarsen threshold 1843 Howl Bitmap #cards 512 size 80 coarsen threshold 460 Card regions per heap region 1 cards per card region 2048
 CPUs: 4 total, 4 available
 Memory: 4012M
 Large Page Support: Disabled
 NUMA Support: Disabled
 Compressed Oops: Enabled (32-bit)
 Heap Region Size: 1M
 Heap Min Capacity: 8M
 Heap Initial Capacity: 64M
 Heap Max Capacity: 1004M
 Pre-touch: Disabled
 Parallel Workers: 4
 Concurrent Workers: 1
 Concurrent Refinement Workers: 4
 Periodic GC: Disabled
Heap:
 garbage-first heap   total 51200K, used 29027K [0x00000000c1400000, 0x0000000100000000)
  region size 1024K, 16 young (16384K), 1 survivors (1024K)
 Metaspace       used 29217K, committed 29696K, reserved 1114112K
  class space    used 3630K, committed 3840K, reserved 1048576K
GC Heap History (14 events):
Event: 1.774 GC heap before
{Heap before GC invocations=0 (full 0):
 garbage-first heap   total 65536K, used 12288K [0x00000000c1400000, 0x0000000100000000)
  region size 1024K, 13 young (13312K), 0 survivors (0K)
 Metaspace       used 3733K, committed 3840K, reserved 1114112K
  class space    used 386K, committed 448K, reserved 1048576K
}
Event: 1.784 GC heap after
{Heap after GC invocations=1 (full 0):
 garbage-first heap   total 65536K, used 4856K [0x00000000c1400000, 0x0000000100000000)
  region size 1024K, 2 young (2048K), 2 survivors (2048K)
 Metaspace       used 3733K, committed 3840K, reserved 1114112K
  class space    used 386K, committed 448K, reserved 1048576K
}
Event: 2.917 GC heap before
{Heap before GC invocations=1 (full 0):
 garbage-first heap   total 65536K, used 17144K [0x00000000c1400000, 0x0000000100000000)
  region size 1024K, 14 young (14336K), 2 survivors (2048K)
 Metaspace       used 6808K, committed 6976K, reserved 1114112K
  class space    used 763K, committed 832K, reserved 1048576K
}
Event: 2.925 GC heap after
{Heap after GC invocations=2 (full 0):
 garbage-first heap   total 65536K, used 6163K [0x00000000c1400000, 0x0000000100000000)
  region size 1024K, 2 young (2048K), 2 survivors (2048K)
 Metaspace       used 6808K, committed 6976K, reserved 1114112K
  class space    used 763K, committed 832K, reserved 1048576K
}
Event: 4.306 GC heap before
{Heap before GC invocations=2 (full 0):
 garbage-first heap   total 65536K, used 27667K [0x00000000c1400000, 0x0000000100000000)
  region size 1024K, 24 young (24576K), 2 survivors (2048K)
 Metaspace       used 12405K, committed 12672K, reserved 1114112K
  class space    used 1423K, committed 1536K, reserved 1048576K
}
Event: 4.313 GC heap after
{Heap after GC invocations=3 (full 0):
 garbage-first heap   total 65536K, used 7989K [0x00000000c1400000, 0x0000000100000000)
  region size 1024K, 3 young (3072K), 3 survivors (3072K)
 Metaspace       used 12405K, committed 12672K, reserved 1114112K
  class space    used 1423K, committed 1536K, reserved 1048576K
}
Event: 7.081 GC heap before
{Heap before GC invocations=3 (full 0):
 garbage-first heap   total 65536K, used 40757K [0x00000000c1400000, 0x0000000100000000)
  region size 1024K, 36 young (36864K), 3 survivors (3072K)
 Metaspace       used 18069K, committed 18368K, reserved 1114112K
  class space    used 2159K, committed 2304K, reserved 1048576K
}
Event: 7.095 GC heap after
{Heap after GC invocations=4 (full 0):
 garbage-first heap   total 65536K, used 10909K [0x00000000c1400000, 0x0000000100000000)
  region size 1024K, 5 young (5120K), 5 survivors (5120K)
 Metaspace       used 18069K, committed 18368K, reserved 1114112K
  class space    used 2159K, committed 2304K, reserved 1048576K
}
Event: 8.334 GC heap before
{Heap before GC invocations=4 (full 0):
 garbage-first heap   total 65536K, used 34461K [0x00000000c1400000, 0x0000000100000000)
  region size 1024K, 29 young (29696K), 5 survivors (5120K)
 Metaspace       used 21255K, committed 21504K, reserved 1114112K
  class space    used 2548K, committed 2688K, reserved 1048576K
}
Event: 8.345 GC heap after
{Heap after GC invocations=5 (full 0):
 garbage-first heap   total 65536K, used 12553K [0x00000000c1400000, 0x0000000100000000)
  region size 1024K, 3 young (3072K), 3 survivors (3072K)
 Metaspace       used 21255K, committed 21504K, reserved 1114112K
  class space    used 2548K, committed 2688K, reserved 1048576K
}
Event: 10.225 GC heap before
{Heap before GC invocations=6 (full 0):
 garbage-first heap   total 51200K, used 40201K [0x00000000c1400000, 0x0000000100000000)
  region size 1024K, 30 young (30720K), 3 survivors (3072K)
 Metaspace       used 26977K, committed 27456K, reserved 1114112K
  class space    used 3302K, committed 3520K, reserved 1048576K
}
Event: 10.237 GC heap after
{Heap after GC invocations=7 (full 0):
 garbage-first heap   total 51200K, used 14894K [0x00000000c1400000, 0x0000000100000000)
  region size 1024K, 4 young (4096K), 4 survivors (4096K)
 Metaspace       used 26977K, committed 27456K, reserved 1114112K
  class space    used 3302K, committed 3520K, reserved 1048576K
}
Event: 10.335 GC heap before
{Heap before GC invocations=7 (full 0):
 garbage-first heap   total 51200K, used 15918K [0x00000000c1400000, 0x0000000100000000)
  region size 1024K, 5 young (5120K), 4 survivors (4096K)
 Metaspace       used 27057K, committed 27520K, reserved 1114112K
  class space    used 3317K, committed 3520K, reserved 1048576K
}
Event: 10.349 GC heap after
{Heap after GC invocations=8 (full 0):
 garbage-first heap   total 51200K, used 15715K [0x00000000c1400000, 0x0000000100000000)
  region size 1024K, 1 young (1024K), 1 survivors (1024K)
 Metaspace       used 27057K, committed 27520K, reserved 1114112K
  class space    used 3317K, committed 3520K, reserved 1048576K
}

