# JRE version: OpenJDK Runtime Environment Corretto-18.0.2.9.1 (18.0.2+9) (build 18.0.2+9-FR)
# Java VM: OpenJDK 64-Bit Server VM Corretto-18.0.2.9.1 (18.0.2+9-FR, mixed mode, sharing, tiered, compressed oops, compressed class ptrs, g1 gc, windows-amd64)
GC Precious Log:
 CardTable entry size: 512
 Card Set container configuration: InlinePtr #cards 5 size 8 Array Of Cards #cards 12 size 40 Howl #buckets 4 coarsen threshold 1843 Howl Bitmap #cards 512 size 80 coarsen threshold 460 Card regions per heap region 1 cards per card region 2048
 CPUs: 4 total, 4 available
 Memory: 4012M
 Large Page Support: Disabled
 NUMA Support: Disabled
 Compressed Oops: Enabled (32-bit)
 Heap Region Size: 1M
 Heap Min Capacity: 8M
 Heap Initial Capacity: 64M
 Heap Max Capacity: 1004M
 Pre-touch: Disabled
 Parallel Workers: 4
 Concurrent Workers: 1
 Concurrent Refinement Workers: 4
 Periodic GC: Disabled
Heap:
 garbage-first heap   total 48128K, used 22866K [0x00000000c1400000, 0x0000000100000000)
  region size 1024K, 4 young (4096K), 2 survivors (2048K)
 Metaspace       used 38282K, committed 38912K, reserved 1114112K
  class space    used 4971K, committed 5248K, reserved 1048576K
GC Heap History (20 events):
Event: 3.072 GC heap before
{Heap before GC invocations=1 (full 0):
 garbage-first heap   total 65536K, used 16029K [0x00000000c1400000, 0x0000000100000000)
  region size 1024K, 14 young (14336K), 2 survivors (2048K)
 Metaspace       used 6867K, committed 7040K, reserved 1114112K
  class space    used 773K, committed 832K, reserved 1048576K
}
Event: 3.077 GC heap after
{Heap after GC invocations=2 (full 0):
 garbage-first heap   total 65536K, used 6140K [0x00000000c1400000, 0x0000000100000000)
  region size 1024K, 2 young (2048K), 2 survivors (2048K)
 Metaspace       used 6867K, committed 7040K, reserved 1114112K
  class space    used 773K, committed 832K, reserved 1048576K
}
Event: 4.764 GC heap before
{Heap before GC invocations=2 (full 0):
 garbage-first heap   total 65536K, used 25596K [0x00000000c1400000, 0x0000000100000000)
  region size 1024K, 22 young (22528K), 2 survivors (2048K)
 Metaspace       used 11957K, committed 12160K, reserved 1114112K
  class space    used 1375K, committed 1472K, reserved 1048576K
}
Event: 4.777 GC heap after
{Heap after GC invocations=3 (full 0):
 garbage-first heap   total 65536K, used 7828K [0x00000000c1400000, 0x0000000100000000)
  region size 1024K, 3 young (3072K), 3 survivors (3072K)
 Metaspace       used 11957K, committed 12160K, reserved 1114112K
  class space    used 1375K, committed 1472K, reserved 1048576K
}
Event: 6.538 GC heap before
{Heap before GC invocations=3 (full 0):
 garbage-first heap   total 65536K, used 39572K [0x00000000c1400000, 0x0000000100000000)
  region size 1024K, 35 young (35840K), 3 survivors (3072K)
 Metaspace       used 17801K, committed 18176K, reserved 1114112K
  class space    used 2122K, committed 2304K, reserved 1048576K
}
Event: 6.551 GC heap after
{Heap after GC invocations=4 (full 0):
 garbage-first heap   total 65536K, used 10754K [0x00000000c1400000, 0x0000000100000000)
  region size 1024K, 5 young (5120K), 5 survivors (5120K)
 Metaspace       used 17801K, committed 18176K, reserved 1114112K
  class space    used 2122K, committed 2304K, reserved 1048576K
}
Event: 7.880 GC heap before
{Heap before GC invocations=4 (full 0):
 garbage-first heap   total 65536K, used 37378K [0x00000000c1400000, 0x0000000100000000)
  region size 1024K, 33 young (33792K), 5 survivors (5120K)
 Metaspace       used 21245K, committed 21504K, reserved 1114112K
  class space    used 2547K, committed 2688K, reserved 1048576K
}
Event: 7.896 GC heap after
{Heap after GC invocations=5 (full 0):
 garbage-first heap   total 65536K, used 12556K [0x00000000c1400000, 0x0000000100000000)
  region size 1024K, 3 young (3072K), 3 survivors (3072K)
 Metaspace       used 21245K, committed 21504K, reserved 1114112K
  class space    used 2547K, committed 2688K, reserved 1048576K
}
Event: 9.216 GC heap before
{Heap before GC invocations=6 (full 0):
 garbage-first heap   total 48128K, used 37132K [0x00000000c1400000, 0x0000000100000000)
  region size 1024K, 28 young (28672K), 3 survivors (3072K)
 Metaspace       used 26595K, committed 27008K, reserved 1114112K
  class space    used 3256K, committed 3456K, reserved 1048576K
}
Event: 9.227 GC heap after
{Heap after GC invocations=7 (full 0):
 garbage-first heap   total 48128K, used 14967K [0x00000000c1400000, 0x0000000100000000)
  region size 1024K, 3 young (3072K), 3 survivors (3072K)
 Metaspace       used 26595K, committed 27008K, reserved 1114112K
  class space    used 3256K, committed 3456K, reserved 1048576K
}
Event: 10.118 GC heap before
{Heap before GC invocations=7 (full 0):
 garbage-first heap   total 48128K, used 34423K [0x00000000c1400000, 0x0000000100000000)
  region size 1024K, 22 young (22528K), 3 survivors (3072K)
 Metaspace       used 29468K, committed 30016K, reserved 1114112K
  class space    used 3668K, committed 3904K, reserved 1048576K
}
Event: 10.129 GC heap after
{Heap after GC invocations=8 (full 0):
 garbage-first heap   total 48128K, used 16926K [0x00000000c1400000, 0x0000000100000000)
  region size 1024K, 3 young (3072K), 3 survivors (3072K)
 Metaspace       used 29468K, committed 30016K, reserved 1114112K
  class space    used 3668K, committed 3904K, reserved 1048576K
}
Event: 11.103 GC heap before
{Heap before GC invocations=8 (full 0):
 garbage-first heap   total 48128K, used 34334K [0x00000000c1400000, 0x0000000100000000)
  region size 1024K, 20 young (20480K), 3 survivors (3072K)
 Metaspace       used 32877K, committed 33472K, reserved 1114112K
  class space    used 4205K, committed 4480K, reserved 1048576K
}
Event: 11.111 GC heap after
{Heap after GC invocations=9 (full 0):
 garbage-first heap   total 48128K, used 18661K [0x00000000c1400000, 0x0000000100000000)
  region size 1024K, 2 young (2048K), 2 survivors (2048K)
 Metaspace       used 32877K, committed 33472K, reserved 1114112K
  class space    used 4205K, committed 4480K, reserved 1048576K
}
Event: 12.886 GC heap before
{Heap before GC invocations=9 (full 0):
 garbage-first heap   total 48128K, used 34021K [0x00000000c1400000, 0x0000000100000000)
  region size 1024K, 18 young (18432K), 2 survivors (2048K)
 Metaspace       used 35395K, committed 36032K, reserved 1114112K
  class space    used 4554K, committed 4864K, reserved 1048576K
}
Event: 12.895 GC heap after
{Heap after GC invocations=10 (full 0):
 garbage-first heap   total 48128K, used 20514K [0x00000000c1400000, 0x0000000100000000)
  region size 1024K, 2 young (2048K), 2 survivors (2048K)
 Metaspace       used 35395K, committed 36032K, reserved 1114112K
  class space    used 4554K, committed 4864K, reserved 1048576K
}
Event: 12.976 GC heap before
{Heap before GC invocations=10 (full 0):
 garbage-first heap   total 48128K, used 20514K [0x00000000c1400000, 0x0000000100000000)
  region size 1024K, 3 young (3072K), 2 survivors (2048K)
 Metaspace       used 35501K, committed 36096K, reserved 1114112K
  class space    used 4561K, committed 4864K, reserved 1048576K
}
Event: 12.991 GC heap after
{Heap after GC invocations=11 (full 0):
 garbage-first heap   total 48128K, used 20613K [0x00000000c1400000, 0x0000000100000000)
  region size 1024K, 1 young (1024K), 1 survivors (1024K)
 Metaspace       used 35501K, committed 36096K, reserved 1114112K
  class space    used 4561K, committed 4864K, reserved 1048576K
}
Event: 54.584 GC heap before
{Heap before GC invocations=12 (full 0):
 garbage-first heap   total 48128K, used 35973K [0x00000000c1400000, 0x0000000100000000)
  region size 1024K, 16 young (16384K), 1 survivors (1024K)
 Metaspace       used 37901K, committed 38528K, reserved 1114112K
  class space    used 4911K, committed 5184K, reserved 1048576K
}
Event: 54.589 GC heap after
{Heap after GC invocations=13 (full 0):
 garbage-first heap   total 48128K, used 21842K [0x00000000c1400000, 0x0000000100000000)
  region size 1024K, 2 young (2048K), 2 survivors (2048K)
 Metaspace       used 37901K, committed 38528K, reserved 1114112K
  class space    used 4911K, committed 5184K, reserved 1048576K
}

