# JRE version: OpenJDK Runtime Environment Corretto-18.0.2.9.1 (18.0.2+9) (build 18.0.2+9-FR)
# Java VM: OpenJDK 64-Bit Server VM Corretto-18.0.2.9.1 (18.0.2+9-FR, mixed mode, sharing, tiered, compressed oops, compressed class ptrs, g1 gc, windows-amd64)
GC Precious Log:
 CardTable entry size: 512
 Card Set container configuration: InlinePtr #cards 5 size 8 Array Of Cards #cards 12 size 40 Howl #buckets 4 coarsen threshold 1843 Howl Bitmap #cards 512 size 80 coarsen threshold 460 Card regions per heap region 1 cards per card region 2048
 CPUs: 4 total, 4 available
 Memory: 4012M
 Large Page Support: Disabled
 NUMA Support: Disabled
 Compressed Oops: Enabled (32-bit)
 Heap Region Size: 1M
 Heap Min Capacity: 8M
 Heap Initial Capacity: 64M
 Heap Max Capacity: 1004M
 Pre-touch: Disabled
 Parallel Workers: 4
 Concurrent Workers: 1
 Concurrent Refinement Workers: 4
 Periodic GC: Disabled
Heap:
 garbage-first heap   total 51200K, used 22785K [0x00000000c1400000, 0x0000000100000000)
  region size 1024K, 9 young (9216K), 1 survivors (1024K)
 Metaspace       used 28261K, committed 28736K, reserved 1114112K
  class space    used 3479K, committed 3712K, reserved 1048576K
GC Heap History (14 events):
Event: 1.623 GC heap before
{Heap before GC invocations=0 (full 0):
 garbage-first heap   total 65536K, used 12288K [0x00000000c1400000, 0x0000000100000000)
  region size 1024K, 13 young (13312K), 0 survivors (0K)
 Metaspace       used 3820K, committed 3968K, reserved 1114112K
  class space    used 394K, committed 448K, reserved 1048576K
}
Event: 1.635 GC heap after
{Heap after GC invocations=1 (full 0):
 garbage-first heap   total 65536K, used 4851K [0x00000000c1400000, 0x0000000100000000)
  region size 1024K, 2 young (2048K), 2 survivors (2048K)
 Metaspace       used 3820K, committed 3968K, reserved 1114112K
  class space    used 394K, committed 448K, reserved 1048576K
}
Event: 2.726 GC heap before
{Heap before GC invocations=1 (full 0):
 garbage-first heap   total 65536K, used 17139K [0x00000000c1400000, 0x0000000100000000)
  region size 1024K, 15 young (15360K), 2 survivors (2048K)
 Metaspace       used 7187K, committed 7360K, reserved 1114112K
  class space    used 818K, committed 896K, reserved 1048576K
}
Event: 2.733 GC heap after
{Heap after GC invocations=2 (full 0):
 garbage-first heap   total 65536K, used 6186K [0x00000000c1400000, 0x0000000100000000)
  region size 1024K, 2 young (2048K), 2 survivors (2048K)
 Metaspace       used 7187K, committed 7360K, reserved 1114112K
  class space    used 818K, committed 896K, reserved 1048576K
}
Event: 3.830 GC heap before
{Heap before GC invocations=2 (full 0):
 garbage-first heap   total 65536K, used 26666K [0x00000000c1400000, 0x0000000100000000)
  region size 1024K, 23 young (23552K), 2 survivors (2048K)
 Metaspace       used 12503K, committed 12736K, reserved 1114112K
  class space    used 1439K, committed 1536K, reserved 1048576K
}
Event: 3.838 GC heap after
{Heap after GC invocations=3 (full 0):
 garbage-first heap   total 65536K, used 7866K [0x00000000c1400000, 0x0000000100000000)
  region size 1024K, 3 young (3072K), 3 survivors (3072K)
 Metaspace       used 12503K, committed 12736K, reserved 1114112K
  class space    used 1439K, committed 1536K, reserved 1048576K
}
Event: 5.695 GC heap before
{Heap before GC invocations=3 (full 0):
 garbage-first heap   total 65536K, used 40634K [0x00000000c1400000, 0x0000000100000000)
  region size 1024K, 36 young (36864K), 3 survivors (3072K)
 Metaspace       used 18065K, committed 18368K, reserved 1114112K
  class space    used 2164K, committed 2304K, reserved 1048576K
}
Event: 5.707 GC heap after
{Heap after GC invocations=4 (full 0):
 garbage-first heap   total 65536K, used 11031K [0x00000000c1400000, 0x0000000100000000)
  region size 1024K, 5 young (5120K), 5 survivors (5120K)
 Metaspace       used 18065K, committed 18368K, reserved 1114112K
  class space    used 2164K, committed 2304K, reserved 1048576K
}
Event: 6.752 GC heap before
{Heap before GC invocations=4 (full 0):
 garbage-first heap   total 65536K, used 33559K [0x00000000c1400000, 0x0000000100000000)
  region size 1024K, 28 young (28672K), 5 survivors (5120K)
 Metaspace       used 21250K, committed 21504K, reserved 1114112K
  class space    used 2549K, committed 2688K, reserved 1048576K
}
Event: 6.766 GC heap after
{Heap after GC invocations=5 (full 0):
 garbage-first heap   total 65536K, used 12594K [0x00000000c1400000, 0x0000000100000000)
  region size 1024K, 3 young (3072K), 3 survivors (3072K)
 Metaspace       used 21250K, committed 21504K, reserved 1114112K
  class space    used 2549K, committed 2688K, reserved 1048576K
}
Event: 8.274 GC heap before
{Heap before GC invocations=6 (full 0):
 garbage-first heap   total 51200K, used 39218K [0x00000000c1400000, 0x0000000100000000)
  region size 1024K, 30 young (30720K), 3 survivors (3072K)
 Metaspace       used 26975K, committed 27456K, reserved 1114112K
  class space    used 3304K, committed 3520K, reserved 1048576K
}
Event: 8.287 GC heap after
{Heap after GC invocations=7 (full 0):
 garbage-first heap   total 51200K, used 15094K [0x00000000c1400000, 0x0000000100000000)
  region size 1024K, 4 young (4096K), 4 survivors (4096K)
 Metaspace       used 26975K, committed 27456K, reserved 1114112K
  class space    used 3304K, committed 3520K, reserved 1048576K
}
Event: 8.355 GC heap before
{Heap before GC invocations=7 (full 0):
 garbage-first heap   total 51200K, used 16118K [0x00000000c1400000, 0x0000000100000000)
  region size 1024K, 5 young (5120K), 4 survivors (4096K)
 Metaspace       used 27046K, committed 27520K, reserved 1114112K
  class space    used 3317K, committed 3520K, reserved 1048576K
}
Event: 8.368 GC heap after
{Heap after GC invocations=8 (full 0):
 garbage-first heap   total 51200K, used 15617K [0x00000000c1400000, 0x0000000100000000)
  region size 1024K, 1 young (1024K), 1 survivors (1024K)
 Metaspace       used 27046K, committed 27520K, reserved 1114112K
  class space    used 3317K, committed 3520K, reserved 1048576K
}

