# JRE version: OpenJDK Runtime Environment Corretto-18.0.2.9.1 (18.0.2+9) (build 18.0.2+9-FR)
# Java VM: OpenJDK 64-Bit Server VM Corretto-18.0.2.9.1 (18.0.2+9-FR, mixed mode, sharing, tiered, compressed oops, compressed class ptrs, g1 gc, windows-amd64)
GC Precious Log:
 CardTable entry size: 512
 Card Set container configuration: InlinePtr #cards 5 size 8 Array Of Cards #cards 12 size 40 Howl #buckets 4 coarsen threshold 1843 Howl Bitmap #cards 512 size 80 coarsen threshold 460 Card regions per heap region 1 cards per card region 2048
 CPUs: 4 total, 4 available
 Memory: 4012M
 Large Page Support: Disabled
 NUMA Support: Disabled
 Compressed Oops: Enabled (32-bit)
 Heap Region Size: 1M
 Heap Min Capacity: 8M
 Heap Initial Capacity: 64M
 Heap Max Capacity: 1004M
 Pre-touch: Disabled
 Parallel Workers: 4
 Concurrent Workers: 1
 Concurrent Refinement Workers: 4
 Periodic GC: Disabled
Heap:
 garbage-first heap   total 48128K, used 35317K [0x00000000c1400000, 0x0000000100000000)
  region size 1024K, 17 young (17408K), 2 survivors (2048K)
 Metaspace       used 37994K, committed 38656K, reserved 1114112K
  class space    used 4925K, committed 5248K, reserved 1048576K
GC Heap History (18 events):
Event: 2.319 GC heap before
{Heap before GC invocations=0 (full 0):
 garbage-first heap   total 65536K, used 12288K [0x00000000c1400000, 0x0000000100000000)
  region size 1024K, 13 young (13312K), 0 survivors (0K)
 Metaspace       used 3829K, committed 4096K, reserved 1114112K
  class space    used 395K, committed 512K, reserved 1048576K
}
Event: 2.332 GC heap after
{Heap after GC invocations=1 (full 0):
 garbage-first heap   total 65536K, used 4981K [0x00000000c1400000, 0x0000000100000000)
  region size 1024K, 2 young (2048K), 2 survivors (2048K)
 Metaspace       used 3829K, committed 4096K, reserved 1114112K
  class space    used 395K, committed 512K, reserved 1048576K
}
Event: 3.225 GC heap before
{Heap before GC invocations=1 (full 0):
 garbage-first heap   total 65536K, used 16245K [0x00000000c1400000, 0x0000000100000000)
  region size 1024K, 13 young (13312K), 2 survivors (2048K)
 Metaspace       used 6775K, committed 6976K, reserved 1114112K
  class space    used 754K, committed 832K, reserved 1048576K
}
Event: 3.229 GC heap after
{Heap after GC invocations=2 (full 0):
 garbage-first heap   total 65536K, used 6058K [0x00000000c1400000, 0x0000000100000000)
  region size 1024K, 1 young (1024K), 1 survivors (1024K)
 Metaspace       used 6775K, committed 6976K, reserved 1114112K
  class space    used 754K, committed 832K, reserved 1048576K
}
Event: 4.312 GC heap before
{Heap before GC invocations=2 (full 0):
 garbage-first heap   total 65536K, used 26538K [0x00000000c1400000, 0x0000000100000000)
  region size 1024K, 22 young (22528K), 1 survivors (1024K)
 Metaspace       used 12061K, committed 12288K, reserved 1114112K
  class space    used 1392K, committed 1472K, reserved 1048576K
}
Event: 4.318 GC heap after
{Heap after GC invocations=3 (full 0):
 garbage-first heap   total 65536K, used 7916K [0x00000000c1400000, 0x0000000100000000)
  region size 1024K, 3 young (3072K), 3 survivors (3072K)
 Metaspace       used 12061K, committed 12288K, reserved 1114112K
  class space    used 1392K, committed 1472K, reserved 1048576K
}
Event: 5.771 GC heap before
{Heap before GC invocations=3 (full 0):
 garbage-first heap   total 65536K, used 38636K [0x00000000c1400000, 0x0000000100000000)
  region size 1024K, 34 young (34816K), 3 survivors (3072K)
 Metaspace       used 17803K, committed 18176K, reserved 1114112K
  class space    used 2125K, committed 2304K, reserved 1048576K
}
Event: 5.787 GC heap after
{Heap after GC invocations=4 (full 0):
 garbage-first heap   total 65536K, used 10985K [0x00000000c1400000, 0x0000000100000000)
  region size 1024K, 5 young (5120K), 5 survivors (5120K)
 Metaspace       used 17803K, committed 18176K, reserved 1114112K
  class space    used 2125K, committed 2304K, reserved 1048576K
}
Event: 7.281 GC heap before
{Heap before GC invocations=4 (full 0):
 garbage-first heap   total 65536K, used 35561K [0x00000000c1400000, 0x0000000100000000)
  region size 1024K, 31 young (31744K), 5 survivors (5120K)
 Metaspace       used 21262K, committed 21504K, reserved 1114112K
  class space    used 2549K, committed 2688K, reserved 1048576K
}
Event: 7.293 GC heap after
{Heap after GC invocations=5 (full 0):
 garbage-first heap   total 65536K, used 12382K [0x00000000c1400000, 0x0000000100000000)
  region size 1024K, 3 young (3072K), 3 survivors (3072K)
 Metaspace       used 21262K, committed 21504K, reserved 1114112K
  class space    used 2549K, committed 2688K, reserved 1048576K
}
Event: 8.970 GC heap before
{Heap before GC invocations=6 (full 0):
 garbage-first heap   total 48128K, used 36958K [0x00000000c1400000, 0x0000000100000000)
  region size 1024K, 28 young (28672K), 3 survivors (3072K)
 Metaspace       used 26730K, committed 27200K, reserved 1114112K
  class space    used 3264K, committed 3456K, reserved 1048576K
}
Event: 8.980 GC heap after
{Heap after GC invocations=7 (full 0):
 garbage-first heap   total 48128K, used 15021K [0x00000000c1400000, 0x0000000100000000)
  region size 1024K, 4 young (4096K), 4 survivors (4096K)
 Metaspace       used 26730K, committed 27200K, reserved 1114112K
  class space    used 3264K, committed 3456K, reserved 1048576K
}
Event: 9.973 GC heap before
{Heap before GC invocations=7 (full 0):
 garbage-first heap   total 48128K, used 34477K [0x00000000c1400000, 0x0000000100000000)
  region size 1024K, 23 young (23552K), 4 survivors (4096K)
 Metaspace       used 29680K, committed 30208K, reserved 1114112K
  class space    used 3702K, committed 3968K, reserved 1048576K
}
Event: 9.986 GC heap after
{Heap after GC invocations=8 (full 0):
 garbage-first heap   total 48128K, used 17061K [0x00000000c1400000, 0x0000000100000000)
  region size 1024K, 2 young (2048K), 2 survivors (2048K)
 Metaspace       used 29680K, committed 30208K, reserved 1114112K
  class space    used 3702K, committed 3968K, reserved 1048576K
}
Event: 11.031 GC heap before
{Heap before GC invocations=8 (full 0):
 garbage-first heap   total 48128K, used 35493K [0x00000000c1400000, 0x0000000100000000)
  region size 1024K, 20 young (20480K), 2 survivors (2048K)
 Metaspace       used 33211K, committed 33792K, reserved 1114112K
  class space    used 4253K, committed 4544K, reserved 1048576K
}
Event: 11.039 GC heap after
{Heap after GC invocations=9 (full 0):
 garbage-first heap   total 48128K, used 19120K [0x00000000c1400000, 0x0000000100000000)
  region size 1024K, 2 young (2048K), 2 survivors (2048K)
 Metaspace       used 33211K, committed 33792K, reserved 1114112K
  class space    used 4253K, committed 4544K, reserved 1048576K
}
Event: 11.791 GC heap before
{Heap before GC invocations=9 (full 0):
 garbage-first heap   total 48128K, used 33456K [0x00000000c1400000, 0x0000000100000000)
  region size 1024K, 17 young (17408K), 2 survivors (2048K)
 Metaspace       used 35518K, committed 36096K, reserved 1114112K
  class space    used 4563K, committed 4864K, reserved 1048576K
}
Event: 11.798 GC heap after
{Heap after GC invocations=10 (full 0):
 garbage-first heap   total 48128K, used 20981K [0x00000000c1400000, 0x0000000100000000)
  region size 1024K, 2 young (2048K), 2 survivors (2048K)
 Metaspace       used 35518K, committed 36096K, reserved 1114112K
  class space    used 4563K, committed 4864K, reserved 1048576K
}

