# JRE version: OpenJDK Runtime Environment Corretto-18.0.2.9.1 (18.0.2+9) (build 18.0.2+9-FR)
# Java VM: OpenJDK 64-Bit Server VM Corretto-18.0.2.9.1 (18.0.2+9-FR, mixed mode, sharing, tiered, compressed oops, compressed class ptrs, g1 gc, windows-amd64)
GC Precious Log:
 CardTable entry size: 512
 Card Set container configuration: InlinePtr #cards 5 size 8 Array Of Cards #cards 12 size 40 Howl #buckets 4 coarsen threshold 1843 Howl Bitmap #cards 512 size 80 coarsen threshold 460 Card regions per heap region 1 cards per card region 2048
 CPUs: 4 total, 4 available
 Memory: 4012M
 Large Page Support: Disabled
 NUMA Support: Disabled
 Compressed Oops: Enabled (32-bit)
 Heap Region Size: 1M
 Heap Min Capacity: 8M
 Heap Initial Capacity: 64M
 Heap Max Capacity: 1004M
 Pre-touch: Disabled
 Parallel Workers: 4
 Concurrent Workers: 1
 Concurrent Refinement Workers: 4
 Periodic GC: Disabled
Heap:
 garbage-first heap   total 48128K, used 26119K [0x00000000c1400000, 0x0000000100000000)
  region size 1024K, 12 young (12288K), 2 survivors (2048K)
 Metaspace       used 31340K, committed 31936K, reserved 1114112K
  class space    used 3979K, committed 4288K, reserved 1048576K
GC Heap History (14 events):
Event: 2.342 GC heap before
{Heap before GC invocations=0 (full 0):
 garbage-first heap   total 65536K, used 12288K [0x00000000c1400000, 0x0000000100000000)
  region size 1024K, 13 young (13312K), 0 survivors (0K)
 Metaspace       used 3740K, committed 3840K, reserved 1114112K
  class space    used 386K, committed 448K, reserved 1048576K
}
Event: 2.356 GC heap after
{Heap after GC invocations=1 (full 0):
 garbage-first heap   total 65536K, used 4758K [0x00000000c1400000, 0x0000000100000000)
  region size 1024K, 2 young (2048K), 2 survivors (2048K)
 Metaspace       used 3740K, committed 3840K, reserved 1114112K
  class space    used 386K, committed 448K, reserved 1048576K
}
Event: 3.824 GC heap before
{Heap before GC invocations=1 (full 0):
 garbage-first heap   total 65536K, used 16022K [0x00000000c1400000, 0x0000000100000000)
  region size 1024K, 14 young (14336K), 2 survivors (2048K)
 Metaspace       used 6807K, committed 6976K, reserved 1114112K
  class space    used 780K, committed 832K, reserved 1048576K
}
Event: 3.832 GC heap after
{Heap after GC invocations=2 (full 0):
 garbage-first heap   total 65536K, used 5679K [0x00000000c1400000, 0x0000000100000000)
  region size 1024K, 1 young (1024K), 1 survivors (1024K)
 Metaspace       used 6807K, committed 6976K, reserved 1114112K
  class space    used 780K, committed 832K, reserved 1048576K
}
Event: 5.863 GC heap before
{Heap before GC invocations=2 (full 0):
 garbage-first heap   total 65536K, used 27183K [0x00000000c1400000, 0x0000000100000000)
  region size 1024K, 23 young (23552K), 1 survivors (1024K)
 Metaspace       used 12516K, committed 12800K, reserved 1114112K
  class space    used 1458K, committed 1600K, reserved 1048576K
}
Event: 5.870 GC heap after
{Heap after GC invocations=3 (full 0):
 garbage-first heap   total 65536K, used 7525K [0x00000000c1400000, 0x0000000100000000)
  region size 1024K, 3 young (3072K), 3 survivors (3072K)
 Metaspace       used 12516K, committed 12800K, reserved 1114112K
  class space    used 1458K, committed 1600K, reserved 1048576K
}
Event: 8.111 GC heap before
{Heap before GC invocations=3 (full 0):
 garbage-first heap   total 65536K, used 39269K [0x00000000c1400000, 0x0000000100000000)
  region size 1024K, 35 young (35840K), 3 survivors (3072K)
 Metaspace       used 17993K, committed 18304K, reserved 1114112K
  class space    used 2148K, committed 2304K, reserved 1048576K
}
Event: 8.123 GC heap after
{Heap after GC invocations=4 (full 0):
 garbage-first heap   total 65536K, used 10758K [0x00000000c1400000, 0x0000000100000000)
  region size 1024K, 5 young (5120K), 5 survivors (5120K)
 Metaspace       used 17993K, committed 18304K, reserved 1114112K
  class space    used 2148K, committed 2304K, reserved 1048576K
}
Event: 10.117 GC heap before
{Heap before GC invocations=4 (full 0):
 garbage-first heap   total 65536K, used 35334K [0x00000000c1400000, 0x0000000100000000)
  region size 1024K, 30 young (30720K), 5 survivors (5120K)
 Metaspace       used 21250K, committed 21504K, reserved 1114112K
  class space    used 2546K, committed 2688K, reserved 1048576K
}
Event: 10.130 GC heap after
{Heap after GC invocations=5 (full 0):
 garbage-first heap   total 65536K, used 12408K [0x00000000c1400000, 0x0000000100000000)
  region size 1024K, 3 young (3072K), 3 survivors (3072K)
 Metaspace       used 21250K, committed 21504K, reserved 1114112K
  class space    used 2546K, committed 2688K, reserved 1048576K
}
Event: 13.979 GC heap before
{Heap before GC invocations=6 (full 0):
 garbage-first heap   total 48128K, used 36984K [0x00000000c1400000, 0x0000000100000000)
  region size 1024K, 28 young (28672K), 3 survivors (3072K)
 Metaspace       used 26530K, committed 26944K, reserved 1114112K
  class space    used 3248K, committed 3456K, reserved 1048576K
}
Event: 13.989 GC heap after
{Heap after GC invocations=7 (full 0):
 garbage-first heap   total 48128K, used 14930K [0x00000000c1400000, 0x0000000100000000)
  region size 1024K, 4 young (4096K), 4 survivors (4096K)
 Metaspace       used 26530K, committed 26944K, reserved 1114112K
  class space    used 3248K, committed 3456K, reserved 1048576K
}
Event: 15.455 GC heap before
{Heap before GC invocations=7 (full 0):
 garbage-first heap   total 48128K, used 34386K [0x00000000c1400000, 0x0000000100000000)
  region size 1024K, 23 young (23552K), 4 survivors (4096K)
 Metaspace       used 29341K, committed 29888K, reserved 1114112K
  class space    used 3650K, committed 3904K, reserved 1048576K
}
Event: 15.469 GC heap after
{Heap after GC invocations=8 (full 0):
 garbage-first heap   total 48128K, used 16903K [0x00000000c1400000, 0x0000000100000000)
  region size 1024K, 2 young (2048K), 2 survivors (2048K)
 Metaspace       used 29341K, committed 29888K, reserved 1114112K
  class space    used 3650K, committed 3904K, reserved 1048576K
}

