# JRE version: OpenJDK Runtime Environment Corretto-18.0.2.9.1 (18.0.2+9) (build 18.0.2+9-FR)
# Java VM: OpenJDK 64-Bit Server VM Corretto-18.0.2.9.1 (18.0.2+9-FR, mixed mode, sharing, tiered, compressed oops, compressed class ptrs, g1 gc, windows-amd64)
GC Precious Log:
 CardTable entry size: 512
 Card Set container configuration: InlinePtr #cards 5 size 8 Array Of Cards #cards 12 size 40 Howl #buckets 4 coarsen threshold 1843 Howl Bitmap #cards 512 size 80 coarsen threshold 460 Card regions per heap region 1 cards per card region 2048
 CPUs: 4 total, 4 available
 Memory: 4012M
 Large Page Support: Disabled
 NUMA Support: Disabled
 Compressed Oops: Enabled (32-bit)
 Heap Region Size: 1M
 Heap Min Capacity: 8M
 Heap Initial Capacity: 64M
 Heap Max Capacity: 1004M
 Pre-touch: Disabled
 Parallel Workers: 4
 Concurrent Workers: 1
 Concurrent Refinement Workers: 4
 Periodic GC: Disabled
Heap:
 garbage-first heap   total 48128K, used 20954K [0x00000000c1400000, 0x0000000100000000)
  region size 1024K, 6 young (6144K), 2 survivors (2048K)
 Metaspace       used 32896K, committed 33472K, reserved 1114112K
  class space    used 4156K, committed 4416K, reserved 1048576K
GC Heap History (20 events):
Event: 2.360 GC heap before
{Heap before GC invocations=0 (full 0):
 garbage-first heap   total 65536K, used 12288K [0x00000000c1400000, 0x0000000100000000)
  region size 1024K, 13 young (13312K), 0 survivors (0K)
 Metaspace       used 2567K, committed 2688K, reserved 1114112K
  class space    used 243K, committed 320K, reserved 1048576K
}
Event: 2.380 GC heap after
{Heap after GC invocations=1 (full 0):
 garbage-first heap   total 65536K, used 4504K [0x00000000c1400000, 0x0000000100000000)
  region size 1024K, 2 young (2048K), 2 survivors (2048K)
 Metaspace       used 2567K, committed 2688K, reserved 1114112K
  class space    used 243K, committed 320K, reserved 1048576K
}
Event: 3.826 GC heap before
{Heap before GC invocations=1 (full 0):
 garbage-first heap   total 65536K, used 15768K [0x00000000c1400000, 0x0000000100000000)
  region size 1024K, 13 young (13312K), 2 survivors (2048K)
 Metaspace       used 4962K, committed 5184K, reserved 1114112K
  class space    used 542K, committed 640K, reserved 1048576K
}
Event: 3.830 GC heap after
{Heap after GC invocations=2 (full 0):
 garbage-first heap   total 65536K, used 5196K [0x00000000c1400000, 0x0000000100000000)
  region size 1024K, 1 young (1024K), 1 survivors (1024K)
 Metaspace       used 4962K, committed 5184K, reserved 1114112K
  class space    used 542K, committed 640K, reserved 1048576K
}
Event: 5.142 GC heap before
{Heap before GC invocations=2 (full 0):
 garbage-first heap   total 65536K, used 26700K [0x00000000c1400000, 0x0000000100000000)
  region size 1024K, 23 young (23552K), 1 survivors (1024K)
 Metaspace       used 9714K, committed 9984K, reserved 1114112K
  class space    used 1146K, committed 1280K, reserved 1048576K
}
Event: 5.147 GC heap after
{Heap after GC invocations=3 (full 0):
 garbage-first heap   total 65536K, used 6539K [0x00000000c1400000, 0x0000000100000000)
  region size 1024K, 2 young (2048K), 2 survivors (2048K)
 Metaspace       used 9714K, committed 9984K, reserved 1114112K
  class space    used 1146K, committed 1280K, reserved 1048576K
}
Event: 6.733 GC heap before
{Heap before GC invocations=3 (full 0):
 garbage-first heap   total 65536K, used 41355K [0x00000000c1400000, 0x0000000100000000)
  region size 1024K, 37 young (37888K), 2 survivors (2048K)
 Metaspace       used 16704K, committed 16960K, reserved 1114112K
  class space    used 1994K, committed 2112K, reserved 1048576K
}
Event: 6.746 GC heap after
{Heap after GC invocations=4 (full 0):
 garbage-first heap   total 65536K, used 9733K [0x00000000c1400000, 0x0000000100000000)
  region size 1024K, 5 young (5120K), 5 survivors (5120K)
 Metaspace       used 16704K, committed 16960K, reserved 1114112K
  class space    used 1994K, committed 2112K, reserved 1048576K
}
Event: 8.472 GC heap before
{Heap before GC invocations=4 (full 0):
 garbage-first heap   total 65536K, used 42501K [0x00000000c1400000, 0x0000000100000000)
  region size 1024K, 37 young (37888K), 5 survivors (5120K)
 Metaspace       used 19941K, committed 20224K, reserved 1114112K
  class space    used 2384K, committed 2496K, reserved 1048576K
}
Event: 8.486 GC heap after
{Heap after GC invocations=5 (full 0):
 garbage-first heap   total 65536K, used 12016K [0x00000000c1400000, 0x0000000100000000)
  region size 1024K, 3 young (3072K), 3 survivors (3072K)
 Metaspace       used 19941K, committed 20224K, reserved 1114112K
  class space    used 2384K, committed 2496K, reserved 1048576K
}
Event: 8.966 GC heap before
{Heap before GC invocations=5 (full 0):
 garbage-first heap   total 65536K, used 22256K [0x00000000c1400000, 0x0000000100000000)
  region size 1024K, 14 young (14336K), 3 survivors (3072K)
 Metaspace       used 21267K, committed 21504K, reserved 1114112K
  class space    used 2533K, committed 2624K, reserved 1048576K
}
Event: 8.972 GC heap after
{Heap after GC invocations=6 (full 0):
 garbage-first heap   total 65536K, used 12419K [0x00000000c1400000, 0x0000000100000000)
  region size 1024K, 3 young (3072K), 3 survivors (3072K)
 Metaspace       used 21267K, committed 21504K, reserved 1114112K
  class space    used 2533K, committed 2624K, reserved 1048576K
}
Event: 10.688 GC heap before
{Heap before GC invocations=7 (full 0):
 garbage-first heap   total 48128K, used 38019K [0x00000000c1400000, 0x0000000100000000)
  region size 1024K, 28 young (28672K), 3 survivors (3072K)
 Metaspace       used 26503K, committed 26944K, reserved 1114112K
  class space    used 3215K, committed 3456K, reserved 1048576K
}
Event: 10.702 GC heap after
{Heap after GC invocations=8 (full 0):
 garbage-first heap   total 48128K, used 14644K [0x00000000c1400000, 0x0000000100000000)
  region size 1024K, 4 young (4096K), 4 survivors (4096K)
 Metaspace       used 26503K, committed 26944K, reserved 1114112K
  class space    used 3215K, committed 3456K, reserved 1048576K
}
Event: 10.719 GC heap before
{Heap before GC invocations=8 (full 0):
 garbage-first heap   total 48128K, used 15668K [0x00000000c1400000, 0x0000000100000000)
  region size 1024K, 5 young (5120K), 4 survivors (4096K)
 Metaspace       used 26504K, committed 26944K, reserved 1114112K
  class space    used 3215K, committed 3456K, reserved 1048576K
}
Event: 10.728 GC heap after
{Heap after GC invocations=9 (full 0):
 garbage-first heap   total 48128K, used 14796K [0x00000000c1400000, 0x0000000100000000)
  region size 1024K, 1 young (1024K), 1 survivors (1024K)
 Metaspace       used 26504K, committed 26944K, reserved 1114112K
  class space    used 3215K, committed 3456K, reserved 1048576K
}
Event: 11.734 GC heap before
{Heap before GC invocations=9 (full 0):
 garbage-first heap   total 48128K, used 33228K [0x00000000c1400000, 0x0000000100000000)
  region size 1024K, 20 young (20480K), 1 survivors (1024K)
 Metaspace       used 29000K, committed 29504K, reserved 1114112K
  class space    used 3554K, committed 3776K, reserved 1048576K
}
Event: 11.741 GC heap after
{Heap after GC invocations=10 (full 0):
 garbage-first heap   total 48128K, used 16514K [0x00000000c1400000, 0x0000000100000000)
  region size 1024K, 2 young (2048K), 2 survivors (2048K)
 Metaspace       used 29000K, committed 29504K, reserved 1114112K
  class space    used 3554K, committed 3776K, reserved 1048576K
}
Event: 12.818 GC heap before
{Heap before GC invocations=10 (full 0):
 garbage-first heap   total 48128K, used 34946K [0x00000000c1400000, 0x0000000100000000)
  region size 1024K, 21 young (21504K), 2 survivors (2048K)
 Metaspace       used 32406K, committed 33024K, reserved 1114112K
  class space    used 4069K, committed 4352K, reserved 1048576K
}
Event: 12.829 GC heap after
{Heap after GC invocations=11 (full 0):
 garbage-first heap   total 48128K, used 17882K [0x00000000c1400000, 0x0000000100000000)
  region size 1024K, 2 young (2048K), 2 survivors (2048K)
 Metaspace       used 32406K, committed 33024K, reserved 1114112K
  class space    used 4069K, committed 4352K, reserved 1048576K
}

