# JRE version: OpenJDK Runtime Environment Corretto-18.0.2.9.1 (18.0.2+9) (build 18.0.2+9-FR)
# Java VM: OpenJDK 64-Bit Server VM Corretto-18.0.2.9.1 (18.0.2+9-FR, mixed mode, sharing, tiered, compressed oops, compressed class ptrs, g1 gc, windows-amd64)
GC Precious Log:
 CardTable entry size: 512
 Card Set container configuration: InlinePtr #cards 5 size 8 Array Of Cards #cards 12 size 40 Howl #buckets 4 coarsen threshold 1843 Howl Bitmap #cards 512 size 80 coarsen threshold 460 Card regions per heap region 1 cards per card region 2048
 CPUs: 4 total, 4 available
 Memory: 4012M
 Large Page Support: Disabled
 NUMA Support: Disabled
 Compressed Oops: Enabled (32-bit)
 Heap Region Size: 1M
 Heap Min Capacity: 8M
 Heap Initial Capacity: 64M
 Heap Max Capacity: 1004M
 Pre-touch: Disabled
 Parallel Workers: 4
 Concurrent Workers: 1
 Concurrent Refinement Workers: 4
 Periodic GC: Disabled
Heap:
 garbage-first heap   total 48128K, used 21563K [0x00000000c1400000, 0x0000000100000000)
  region size 1024K, 8 young (8192K), 2 survivors (2048K)
 Metaspace       used 29849K, committed 30336K, reserved 1114112K
  class space    used 3678K, committed 3904K, reserved 1048576K
GC Heap History (16 events):
Event: 9.534 GC heap before
{Heap before GC invocations=0 (full 0):
 garbage-first heap   total 65536K, used 12288K [0x00000000c1400000, 0x0000000100000000)
  region size 1024K, 13 young (13312K), 0 survivors (0K)
 Metaspace       used 2562K, committed 2688K, reserved 1114112K
  class space    used 243K, committed 320K, reserved 1048576K
}
Event: 9.544 GC heap after
{Heap after GC invocations=1 (full 0):
 garbage-first heap   total 65536K, used 4663K [0x00000000c1400000, 0x0000000100000000)
  region size 1024K, 2 young (2048K), 2 survivors (2048K)
 Metaspace       used 2562K, committed 2688K, reserved 1114112K
  class space    used 243K, committed 320K, reserved 1048576K
}
Event: 10.228 GC heap before
{Heap before GC invocations=1 (full 0):
 garbage-first heap   total 65536K, used 16951K [0x00000000c1400000, 0x0000000100000000)
  region size 1024K, 14 young (14336K), 2 survivors (2048K)
 Metaspace       used 5228K, committed 5376K, reserved 1114112K
  class space    used 580K, committed 640K, reserved 1048576K
}
Event: 10.233 GC heap after
{Heap after GC invocations=2 (full 0):
 garbage-first heap   total 65536K, used 5382K [0x00000000c1400000, 0x0000000100000000)
  region size 1024K, 1 young (1024K), 1 survivors (1024K)
 Metaspace       used 5228K, committed 5376K, reserved 1114112K
  class space    used 580K, committed 640K, reserved 1048576K
}
Event: 11.240 GC heap before
{Heap before GC invocations=2 (full 0):
 garbage-first heap   total 65536K, used 26886K [0x00000000c1400000, 0x0000000100000000)
  region size 1024K, 23 young (23552K), 1 survivors (1024K)
 Metaspace       used 10065K, committed 10368K, reserved 1114112K
  class space    used 1176K, committed 1344K, reserved 1048576K
}
Event: 11.245 GC heap after
{Heap after GC invocations=3 (full 0):
 garbage-first heap   total 65536K, used 6660K [0x00000000c1400000, 0x0000000100000000)
  region size 1024K, 2 young (2048K), 2 survivors (2048K)
 Metaspace       used 10065K, committed 10368K, reserved 1114112K
  class space    used 1176K, committed 1344K, reserved 1048576K
}
Event: 12.571 GC heap before
{Heap before GC invocations=3 (full 0):
 garbage-first heap   total 65536K, used 42500K [0x00000000c1400000, 0x0000000100000000)
  region size 1024K, 38 young (38912K), 2 survivors (2048K)
 Metaspace       used 17021K, committed 17280K, reserved 1114112K
  class space    used 2026K, committed 2112K, reserved 1048576K
}
Event: 12.582 GC heap after
{Heap after GC invocations=4 (full 0):
 garbage-first heap   total 65536K, used 9847K [0x00000000c1400000, 0x0000000100000000)
  region size 1024K, 5 young (5120K), 5 survivors (5120K)
 Metaspace       used 17021K, committed 17280K, reserved 1114112K
  class space    used 2026K, committed 2112K, reserved 1048576K
}
Event: 14.293 GC heap before
{Heap before GC invocations=4 (full 0):
 garbage-first heap   total 65536K, used 42615K [0x00000000c1400000, 0x0000000100000000)
  region size 1024K, 37 young (37888K), 5 survivors (5120K)
 Metaspace       used 20403K, committed 20672K, reserved 1114112K
  class space    used 2436K, committed 2560K, reserved 1048576K
}
Event: 14.307 GC heap after
{Heap after GC invocations=5 (full 0):
 garbage-first heap   total 65536K, used 12349K [0x00000000c1400000, 0x0000000100000000)
  region size 1024K, 3 young (3072K), 3 survivors (3072K)
 Metaspace       used 20403K, committed 20672K, reserved 1114112K
  class space    used 2436K, committed 2560K, reserved 1048576K
}
Event: 14.658 GC heap before
{Heap before GC invocations=5 (full 0):
 garbage-first heap   total 65536K, used 18493K [0x00000000c1400000, 0x0000000100000000)
  region size 1024K, 10 young (10240K), 3 survivors (3072K)
 Metaspace       used 21298K, committed 21504K, reserved 1114112K
  class space    used 2537K, committed 2624K, reserved 1048576K
}
Event: 14.663 GC heap after
{Heap after GC invocations=6 (full 0):
 garbage-first heap   total 65536K, used 12360K [0x00000000c1400000, 0x0000000100000000)
  region size 1024K, 3 young (3072K), 3 survivors (3072K)
 Metaspace       used 21298K, committed 21504K, reserved 1114112K
  class space    used 2537K, committed 2624K, reserved 1048576K
}
Event: 16.188 GC heap before
{Heap before GC invocations=7 (full 0):
 garbage-first heap   total 48128K, used 37960K [0x00000000c1400000, 0x0000000100000000)
  region size 1024K, 28 young (28672K), 3 survivors (3072K)
 Metaspace       used 26511K, committed 26944K, reserved 1114112K
  class space    used 3216K, committed 3456K, reserved 1048576K
}
Event: 16.198 GC heap after
{Heap after GC invocations=8 (full 0):
 garbage-first heap   total 48128K, used 14517K [0x00000000c1400000, 0x0000000100000000)
  region size 1024K, 3 young (3072K), 3 survivors (3072K)
 Metaspace       used 26511K, committed 26944K, reserved 1114112K
  class space    used 3216K, committed 3456K, reserved 1048576K
}
Event: 17.420 GC heap before
{Heap before GC invocations=8 (full 0):
 garbage-first heap   total 48128K, used 33973K [0x00000000c1400000, 0x0000000100000000)
  region size 1024K, 22 young (22528K), 3 survivors (3072K)
 Metaspace       used 28917K, committed 29440K, reserved 1114112K
  class space    used 3538K, committed 3776K, reserved 1048576K
}
Event: 17.436 GC heap after
{Heap after GC invocations=9 (full 0):
 garbage-first heap   total 48128K, used 16443K [0x00000000c1400000, 0x0000000100000000)
  region size 1024K, 2 young (2048K), 2 survivors (2048K)
 Metaspace       used 28917K, committed 29440K, reserved 1114112K
  class space    used 3538K, committed 3776K, reserved 1048576K
}

