# JRE version: OpenJDK Runtime Environment Corretto-18.0.2.9.1 (18.0.2+9) (build 18.0.2+9-FR)
# Java VM: OpenJDK 64-Bit Server VM Corretto-18.0.2.9.1 (18.0.2+9-FR, mixed mode, sharing, tiered, compressed oops, compressed class ptrs, g1 gc, windows-amd64)
GC Precious Log:
 CardTable entry size: 512
 Card Set container configuration: InlinePtr #cards 5 size 8 Array Of Cards #cards 12 size 40 Howl #buckets 4 coarsen threshold 1843 Howl Bitmap #cards 512 size 80 coarsen threshold 460 Card regions per heap region 1 cards per card region 2048
 CPUs: 4 total, 4 available
 Memory: 4012M
 Large Page Support: Disabled
 NUMA Support: Disabled
 Compressed Oops: Enabled (32-bit)
 Heap Region Size: 1M
 Heap Min Capacity: 8M
 Heap Initial Capacity: 64M
 Heap Max Capacity: 1004M
 Pre-touch: Disabled
 Parallel Workers: 4
 Concurrent Workers: 1
 Concurrent Refinement Workers: 4
 Periodic GC: Disabled
Heap:
 garbage-first heap   total 48128K, used 18643K [0x00000000c1400000, 0x0000000100000000)
  region size 1024K, 3 young (3072K), 2 survivors (2048K)
 Metaspace       used 33222K, committed 33792K, reserved 1114112K
  class space    used 4258K, committed 4544K, reserved 1048576K
GC Heap History (18 events):
Event: 3.515 GC heap before
{Heap before GC invocations=0 (full 0):
 garbage-first heap   total 65536K, used 12288K [0x00000000c1400000, 0x0000000100000000)
  region size 1024K, 13 young (13312K), 0 survivors (0K)
 Metaspace       used 3861K, committed 4096K, reserved 1114112K
  class space    used 385K, committed 512K, reserved 1048576K
}
Event: 3.546 GC heap after
{Heap after GC invocations=1 (full 0):
 garbage-first heap   total 65536K, used 5064K [0x00000000c1400000, 0x0000000100000000)
  region size 1024K, 2 young (2048K), 2 survivors (2048K)
 Metaspace       used 3861K, committed 4096K, reserved 1114112K
  class space    used 385K, committed 512K, reserved 1048576K
}
Event: 4.984 GC heap before
{Heap before GC invocations=1 (full 0):
 garbage-first heap   total 65536K, used 15304K [0x00000000c1400000, 0x0000000100000000)
  region size 1024K, 12 young (12288K), 2 survivors (2048K)
 Metaspace       used 6594K, committed 6784K, reserved 1114112K
  class space    used 733K, committed 832K, reserved 1048576K
}
Event: 4.991 GC heap after
{Heap after GC invocations=2 (full 0):
 garbage-first heap   total 65536K, used 5974K [0x00000000c1400000, 0x0000000100000000)
  region size 1024K, 1 young (1024K), 1 survivors (1024K)
 Metaspace       used 6594K, committed 6784K, reserved 1114112K
  class space    used 733K, committed 832K, reserved 1048576K
}
Event: 6.946 GC heap before
{Heap before GC invocations=2 (full 0):
 garbage-first heap   total 65536K, used 26454K [0x00000000c1400000, 0x0000000100000000)
  region size 1024K, 22 young (22528K), 1 survivors (1024K)
 Metaspace       used 11946K, committed 12160K, reserved 1114112K
  class space    used 1370K, committed 1472K, reserved 1048576K
}
Event: 6.956 GC heap after
{Heap after GC invocations=3 (full 0):
 garbage-first heap   total 65536K, used 7761K [0x00000000c1400000, 0x0000000100000000)
  region size 1024K, 3 young (3072K), 3 survivors (3072K)
 Metaspace       used 11946K, committed 12160K, reserved 1114112K
  class space    used 1370K, committed 1472K, reserved 1048576K
}
Event: 9.921 GC heap before
{Heap before GC invocations=3 (full 0):
 garbage-first heap   total 65536K, used 38481K [0x00000000c1400000, 0x0000000100000000)
  region size 1024K, 34 young (34816K), 3 survivors (3072K)
 Metaspace       used 17766K, committed 18048K, reserved 1114112K
  class space    used 2120K, committed 2240K, reserved 1048576K
}
Event: 9.942 GC heap after
{Heap after GC invocations=4 (full 0):
 garbage-first heap   total 65536K, used 10590K [0x00000000c1400000, 0x0000000100000000)
  region size 1024K, 5 young (5120K), 5 survivors (5120K)
 Metaspace       used 17766K, committed 18048K, reserved 1114112K
  class space    used 2120K, committed 2240K, reserved 1048576K
}
Event: 12.276 GC heap before
{Heap before GC invocations=4 (full 0):
 garbage-first heap   total 65536K, used 37214K [0x00000000c1400000, 0x0000000100000000)
  region size 1024K, 33 young (33792K), 5 survivors (5120K)
 Metaspace       used 21265K, committed 21504K, reserved 1114112K
  class space    used 2547K, committed 2688K, reserved 1048576K
}
Event: 12.289 GC heap after
{Heap after GC invocations=5 (full 0):
 garbage-first heap   total 65536K, used 12396K [0x00000000c1400000, 0x0000000100000000)
  region size 1024K, 3 young (3072K), 3 survivors (3072K)
 Metaspace       used 21265K, committed 21504K, reserved 1114112K
  class space    used 2547K, committed 2688K, reserved 1048576K
}
Event: 14.259 GC heap before
{Heap before GC invocations=6 (full 0):
 garbage-first heap   total 48128K, used 36972K [0x00000000c1400000, 0x0000000100000000)
  region size 1024K, 28 young (28672K), 3 survivors (3072K)
 Metaspace       used 26684K, committed 27136K, reserved 1114112K
  class space    used 3265K, committed 3456K, reserved 1048576K
}
Event: 14.270 GC heap after
{Heap after GC invocations=7 (full 0):
 garbage-first heap   total 48128K, used 14971K [0x00000000c1400000, 0x0000000100000000)
  region size 1024K, 3 young (3072K), 3 survivors (3072K)
 Metaspace       used 26684K, committed 27136K, reserved 1114112K
  class space    used 3265K, committed 3456K, reserved 1048576K
}
Event: 14.337 GC heap before
{Heap before GC invocations=7 (full 0):
 garbage-first heap   total 48128K, used 15995K [0x00000000c1400000, 0x0000000100000000)
  region size 1024K, 4 young (4096K), 3 survivors (3072K)
 Metaspace       used 26867K, committed 27264K, reserved 1114112K
  class space    used 3286K, committed 3456K, reserved 1048576K
}
Event: 14.345 GC heap after
{Heap after GC invocations=8 (full 0):
 garbage-first heap   total 48128K, used 15304K [0x00000000c1400000, 0x0000000100000000)
  region size 1024K, 1 young (1024K), 1 survivors (1024K)
 Metaspace       used 26867K, committed 27264K, reserved 1114112K
  class space    used 3286K, committed 3456K, reserved 1048576K
}
Event: 15.537 GC heap before
{Heap before GC invocations=8 (full 0):
 garbage-first heap   total 48128K, used 33736K [0x00000000c1400000, 0x0000000100000000)
  region size 1024K, 19 young (19456K), 1 survivors (1024K)
 Metaspace       used 29541K, committed 30080K, reserved 1114112K
  class space    used 3681K, committed 3904K, reserved 1048576K
}
Event: 15.543 GC heap after
{Heap after GC invocations=9 (full 0):
 garbage-first heap   total 48128K, used 16691K [0x00000000c1400000, 0x0000000100000000)
  region size 1024K, 2 young (2048K), 2 survivors (2048K)
 Metaspace       used 29541K, committed 30080K, reserved 1114112K
  class space    used 3681K, committed 3904K, reserved 1048576K
}
Event: 17.048 GC heap before
{Heap before GC invocations=9 (full 0):
 garbage-first heap   total 48128K, used 35123K [0x00000000c1400000, 0x0000000100000000)
  region size 1024K, 20 young (20480K), 2 survivors (2048K)
 Metaspace       used 33097K, committed 33728K, reserved 1114112K
  class space    used 4238K, committed 4544K, reserved 1048576K
}
Event: 17.056 GC heap after
{Heap after GC invocations=10 (full 0):
 garbage-first heap   total 48128K, used 18643K [0x00000000c1400000, 0x0000000100000000)
  region size 1024K, 2 young (2048K), 2 survivors (2048K)
 Metaspace       used 33097K, committed 33728K, reserved 1114112K
  class space    used 4238K, committed 4544K, reserved 1048576K
}

